<?xml version="1.0" encoding="UTF-8"?>
<!-- Generated by org.testng.reporters.JUnitXMLReporter -->
<testsuite ignored="0" hostname="Radhe" failures="0" tests="5" name="Fare Calendar Functional Tests" time="40.84" errors="0" timestamp="2026-05-17T23:20:09 EDT">
  <testcase classname="com.yatra.automation.tests.FareCalendarTest" name="allFaresShouldBePositiveIntegers" time="2.745"/>
  <testcase classname="com.yatra.automation.tests.FareCalendarTest" name="crossMonthComparisonShouldIdentifyCheaperMonth" time="1.663"/>
  <testcase classname="com.yatra.automation.tests.FareCalendarTest" name="eachMonthShouldExposeAtLeastOneFare" time="2.0"/>
  <testcase classname="com.yatra.automation.tests.FareCalendarTest" name="fareCalendarShouldDisplayCurrentAndNextMonth" time="2.009"/>
  <testcase classname="com.yatra.automation.tests.FareCalendarTest" name="lowestFareShouldBeMinOfDisplayedFares" time="1.776"/>
</testsuite> <!-- Fare Calendar Functional Tests -->
