<?xml version="1.0" encoding="UTF-8"?>
<!-- Generated by org.testng.reporters.JUnitReportReporter -->
<testsuite hostname="Radhe" failures="0" tests="5" name="com.yatra.automation.tests.FareCalendarTest" time="40.781" errors="0" timestamp="2026-05-17T23:20:09 EDT" skipped="0">
  <testcase classname="com.yatra.automation.tests.FareCalendarTest" name="eachMonthShouldExposeAtLeastOneFare" time="8.525"/>
  <testcase classname="com.yatra.automation.tests.FareCalendarTest" name="lowestFareShouldBeMinOfDisplayedFares" time="7.539"/>
  <testcase classname="com.yatra.automation.tests.FareCalendarTest" name="crossMonthComparisonShouldIdentifyCheaperMonth" time="7.455"/>
  <testcase classname="com.yatra.automation.tests.FareCalendarTest" name="allFaresShouldBePositiveIntegers" time="8.723"/>
  <testcase classname="com.yatra.automation.tests.FareCalendarTest" name="fareCalendarShouldDisplayCurrentAndNextMonth" time="8.539"/>
</testsuite> <!-- com.yatra.automation.tests.FareCalendarTest -->
